<?xml version="1.0" encoding="utf-8"?><testsuites name="pytest tests"><testsuite name="pytest" errors="0" failures="0" skipped="0" tests="11" time="62.590" timestamp="2026-02-23T19:18:17.424398+00:00" hostname="agent-env-72524dec-a429-47b9-85e7-c491a2d2c71b"><testcase classname="tests.test_pdf_upload.TestPDFUpload" name="test_upload_screenplay_format_pdf" time="9.766" /><testcase classname="tests.test_pdf_upload.TestPDFUpload" name="test_upload_colon_format_pdf" time="8.821" /><testcase classname="tests.test_pdf_upload.TestPDFUpload" name="test_upload_no_dialogue_pdf_returns_error" time="1.002" /><testcase classname="tests.test_pdf_upload.TestPDFUpload" name="test_upload_non_pdf_rejected" time="1.056" /><testcase classname="tests.test_pdf_upload.TestPasteScript" name="test_paste_colon_format_script" time="9.634" /><testcase classname="tests.test_pdf_upload.TestPasteScript" name="test_paste_screenplay_format_script" time="10.071" /><testcase classname="tests.test_pdf_upload.TestPasteScript" name="test_paste_empty_script_rejected" time="1.141" /><testcase classname="tests.test_pdf_upload.TestPasteScript" name="test_paste_no_dialogue_script_rejected" time="0.990" /><testcase classname="tests.test_pdf_upload.TestCharacterSelection" name="test_set_user_character" time="6.581" /><testcase classname="tests.test_pdf_upload.TestCharacterSelection" name="test_set_invalid_character_rejected" time="6.966" /><testcase classname="tests.test_pdf_upload.TestProjectFlow" name="test_complete_project_creation_flow" time="6.291" /></testsuite></testsuites>