<?xml version="1.0" encoding="utf-8"?><testsuites name="pytest tests"><testsuite name="pytest" errors="0" failures="3" skipped="0" tests="11" time="44.615" timestamp="2026-02-23T19:15:59.319638+00:00" hostname="agent-env-72524dec-a429-47b9-85e7-c491a2d2c71b"><testcase classname="tests.test_pdf_upload.TestPDFUpload" name="test_upload_screenplay_format_pdf" time="1.363"><failure message="TypeError: string argument without an encoding">tests/test_pdf_upload.py:136: in test_upload_screenplay_format_pdf
    pdf_content = self.create_screenplay_pdf()
                  ^^^^^^^^^^^^^^^^^^^^^^^^^^^^
tests/test_pdf_upload.py:88: in create_screenplay_pdf
    return bytes(pdf.output())
           ^^^^^^^^^^^^^^^^^^^
E   TypeError: string argument without an encoding</failure></testcase><testcase classname="tests.test_pdf_upload.TestPDFUpload" name="test_upload_colon_format_pdf" time="1.230"><failure message="TypeError: string argument without an encoding">tests/test_pdf_upload.py:165: in test_upload_colon_format_pdf
    pdf_content = self.create_colon_format_pdf()
                  ^^^^^^^^^^^^^^^^^^^^^^^^^^^^^^
tests/test_pdf_upload.py:113: in create_colon_format_pdf
    return bytes(pdf.output())
           ^^^^^^^^^^^^^^^^^^^
E   TypeError: string argument without an encoding</failure></testcase><testcase classname="tests.test_pdf_upload.TestPDFUpload" name="test_upload_no_dialogue_pdf_returns_error" time="0.918"><failure message="TypeError: string argument without an encoding">tests/test_pdf_upload.py:191: in test_upload_no_dialogue_pdf_returns_error
    pdf_content = self.create_no_dialogue_pdf()
                  ^^^^^^^^^^^^^^^^^^^^^^^^^^^^^
tests/test_pdf_upload.py:132: in create_no_dialogue_pdf
    return bytes(pdf.output())
           ^^^^^^^^^^^^^^^^^^^
E   TypeError: string argument without an encoding</failure></testcase><testcase classname="tests.test_pdf_upload.TestPDFUpload" name="test_upload_non_pdf_rejected" time="1.397" /><testcase classname="tests.test_pdf_upload.TestPasteScript" name="test_paste_colon_format_script" time="9.813" /><testcase classname="tests.test_pdf_upload.TestPasteScript" name="test_paste_screenplay_format_script" time="7.917" /><testcase classname="tests.test_pdf_upload.TestPasteScript" name="test_paste_empty_script_rejected" time="1.019" /><testcase classname="tests.test_pdf_upload.TestPasteScript" name="test_paste_no_dialogue_script_rejected" time="1.054" /><testcase classname="tests.test_pdf_upload.TestCharacterSelection" name="test_set_user_character" time="6.653" /><testcase classname="tests.test_pdf_upload.TestCharacterSelection" name="test_set_invalid_character_rejected" time="6.085" /><testcase classname="tests.test_pdf_upload.TestProjectFlow" name="test_complete_project_creation_flow" time="7.027" /></testsuite></testsuites>