<?xml version="1.0" encoding="utf-8"?><testsuites name="pytest tests"><testsuite name="pytest" errors="0" failures="0" skipped="0" tests="11" time="60.285" timestamp="2026-03-07T18:10:14.776693+00:00" hostname="agent-env-bbb23894-2874-4717-98c1-0360ac7e291e"><testcase classname="test_pdf_upload.TestPDFUpload" name="test_upload_screenplay_format_pdf" time="9.653" /><testcase classname="test_pdf_upload.TestPDFUpload" name="test_upload_colon_format_pdf" time="11.613" /><testcase classname="test_pdf_upload.TestPDFUpload" name="test_upload_no_dialogue_pdf_returns_error" time="1.632" /><testcase classname="test_pdf_upload.TestPDFUpload" name="test_upload_non_pdf_rejected" time="0.888" /><testcase classname="test_pdf_upload.TestPasteScript" name="test_paste_colon_format_script" time="9.898" /><testcase classname="test_pdf_upload.TestPasteScript" name="test_paste_screenplay_format_script" time="7.334" /><testcase classname="test_pdf_upload.TestPasteScript" name="test_paste_empty_script_rejected" time="0.861" /><testcase classname="test_pdf_upload.TestPasteScript" name="test_paste_no_dialogue_script_rejected" time="0.897" /><testcase classname="test_pdf_upload.TestCharacterSelection" name="test_set_user_character" time="5.393" /><testcase classname="test_pdf_upload.TestCharacterSelection" name="test_set_invalid_character_rejected" time="5.372" /><testcase classname="test_pdf_upload.TestProjectFlow" name="test_complete_project_creation_flow" time="6.446" /></testsuite></testsuites>