<?xml version="1.0" encoding="utf-8"?><testsuites name="pytest tests"><testsuite name="pytest" errors="0" failures="0" skipped="0" tests="12" time="3.977" timestamp="2026-02-20T23:45:39.405623+00:00" hostname="agent-env-ffea3f61-3b4b-46c2-9d6b-6b6aa8607692"><testcase classname="backend.tests.test_cuepartner_features.TestHealthAndEmailStatus" name="test_health_check" time="0.271" /><testcase classname="backend.tests.test_cuepartner_features.TestHealthAndEmailStatus" name="test_email_status" time="0.062" /><testcase classname="backend.tests.test_cuepartner_features.TestProjectAndTakes" name="test_get_project" time="0.987" /><testcase classname="backend.tests.test_cuepartner_features.TestProjectAndTakes" name="test_get_takes_returns_video_url" time="0.150" /><testcase classname="backend.tests.test_cuepartner_features.TestProjectAndTakes" name="test_create_and_get_take" time="0.318" /><testcase classname="backend.tests.test_cuepartner_features.TestAIVoiceGeneration" name="test_generate_all_audio_project_exists" time="0.258" /><testcase classname="backend.tests.test_cuepartner_features.TestDirectSubmissionAndSharing" name="test_create_share_link" time="0.360" /><testcase classname="backend.tests.test_cuepartner_features.TestDirectSubmissionAndSharing" name="test_access_shared_take" time="0.369" /><testcase classname="backend.tests.test_cuepartner_features.TestDirectSubmissionAndSharing" name="test_direct_submission_with_email" time="0.513" /><testcase classname="backend.tests.test_cuepartner_features.TestDirectSubmissionAndSharing" name="test_direct_submission_invalid_email_format" time="0.097" /><testcase classname="backend.tests.test_cuepartner_features.TestShareLinkExpiration" name="test_invalid_share_token" time="0.106" /><testcase classname="backend.tests.test_cuepartner_features.TestCleanup" name="test_cleanup_test_takes" time="0.413" /></testsuite></testsuites>